<?xml version="1.0" encoding="UTF-8"?>
<testng-results ignored="0" total="2" passed="1" failed="1" skipped="0">
  <reporter-output>
  </reporter-output>
  <suite started-at="2023-11-14T22:49:25 IST" name="Suite1" finished-at="2023-11-14T22:49:39 IST" duration-ms="14706">
    <groups>
    </groups>
    <test started-at="2023-11-14T22:49:25 IST" name="Nopackage" finished-at="2023-11-14T22:49:39 IST" duration-ms="14706">
      <class name="com.tests.selenium.tests.FirstTestCase">
        <test-method is-config="true" signature="startDriver(java.lang.String)[pri:0, instance:com.tests.selenium.tests.FirstTestCase@33abde31]" started-at="2023-11-14T22:49:25 IST" name="startDriver" finished-at="2023-11-14T22:49:27 IST" duration-ms="2602" status="PASS">
          <params>
            <param index="0">
              <value>
                <![CDATA[FIREFOX]]>
              </value>
            </param>
          </params>
          <reporter-output>
          </reporter-output>
        </test-method> <!-- startDriver -->
        <test-method is-config="true" signature="startDriver(java.lang.String)[pri:0, instance:com.tests.selenium.tests.FirstTestCase@33abde31]" started-at="2023-11-14T22:49:25 IST" name="startDriver" finished-at="2023-11-14T22:49:29 IST" duration-ms="4215" status="PASS">
          <params>
            <param index="0">
              <value>
                <![CDATA[FIREFOX]]>
              </value>
            </param>
          </params>
          <reporter-output>
          </reporter-output>
        </test-method> <!-- startDriver -->
        <test-method signature="verifyAddBlueShoesToCart()[pri:0, instance:com.tests.selenium.tests.FirstTestCase@33abde31]" started-at="2023-11-14T22:49:27 IST" name="verifyAddBlueShoesToCart" description="Testng description : Verify AddBlueShoes to Cart" finished-at="2023-11-14T22:49:39 IST" duration-ms="11623" status="PASS">
          <reporter-output>
          </reporter-output>
        </test-method> <!-- verifyAddBlueShoesToCart -->
        <test-method signature="verifyProductCheckout_PlaceOrder()[pri:0, instance:com.tests.selenium.tests.FirstTestCase@33abde31]" started-at="2023-11-14T22:49:29 IST" name="verifyProductCheckout_PlaceOrder" description="Register User(API) and Place Order" finished-at="2023-11-14T22:49:34 IST" duration-ms="5227" status="FAIL">
          <exception class="com.fasterxml.jackson.databind.exc.MismatchedInputException">
            <message>
              <![CDATA[Cannot deserialize value of type `com.app.selenium.dataObjects.Product` from Array value (token `JsonToken.START_ARRAY`)
 at [Source: (BufferedInputStream); line: 1, column: 1]]]>
            </message>
            <full-stacktrace>
              <![CDATA[com.fasterxml.jackson.databind.exc.MismatchedInputException: Cannot deserialize value of type `com.app.selenium.dataObjects.Product` from Array value (token `JsonToken.START_ARRAY`)
 at [Source: (BufferedInputStream); line: 1, column: 1]
at com.fasterxml.jackson.databind.exc.MismatchedInputException.from(MismatchedInputException.java:59)
at com.fasterxml.jackson.databind.DeserializationContext.reportInputMismatch(DeserializationContext.java:1752)
at com.fasterxml.jackson.databind.DeserializationContext.handleUnexpectedToken(DeserializationContext.java:1526)
at com.fasterxml.jackson.databind.DeserializationContext.handleUnexpectedToken(DeserializationContext.java:1473)
at com.fasterxml.jackson.databind.deser.BeanDeserializer._deserializeFromArray(BeanDeserializer.java:656)
at com.fasterxml.jackson.databind.deser.BeanDeserializer._deserializeOther(BeanDeserializer.java:211)
at com.fasterxml.jackson.databind.deser.BeanDeserializer.deserialize(BeanDeserializer.java:187)
at com.fasterxml.jackson.databind.deser.DefaultDeserializationContext.readRootValue(DefaultDeserializationContext.java:323)
at com.fasterxml.jackson.databind.ObjectMapper._readMapAndClose(ObjectMapper.java:4825)
at com.fasterxml.jackson.databind.ObjectMapper.readValue(ObjectMapper.java:3809)
at com.app.selenium.utils.JacksonUtils.deserializeJson(JacksonUtils.java:21)
at com.tests.selenium.tests.FirstTestCase.verifyProductCheckout_PlaceOrder(FirstTestCase.java:112)
at java.base/jdk.internal.reflect.DirectMethodHandleAccessor.invoke(DirectMethodHandleAccessor.java:104)
at java.base/java.lang.reflect.Method.invoke(Method.java:578)
at org.testng.internal.invokers.MethodInvocationHelper.invokeMethod(MethodInvocationHelper.java:139)
at org.testng.internal.invokers.TestInvoker.invokeMethod(TestInvoker.java:664)
at org.testng.internal.invokers.TestInvoker.invokeTestMethod(TestInvoker.java:227)
at org.testng.internal.invokers.MethodRunner.runInSequence(MethodRunner.java:50)
at org.testng.internal.invokers.TestInvoker$MethodInvocationAgent.invoke(TestInvoker.java:957)
at org.testng.internal.invokers.TestInvoker.invokeTestMethods(TestInvoker.java:200)
at org.testng.internal.invokers.TestMethodWorker.invokeTestMethods(TestMethodWorker.java:148)
at org.testng.internal.invokers.TestMethodWorker.run(TestMethodWorker.java:128)
at java.base/java.util.concurrent.ThreadPoolExecutor.runWorker(ThreadPoolExecutor.java:1144)
at java.base/java.util.concurrent.ThreadPoolExecutor$Worker.run(ThreadPoolExecutor.java:642)
at java.base/java.lang.Thread.run(Thread.java:1623)
]]>
            </full-stacktrace>
          </exception> <!-- com.fasterxml.jackson.databind.exc.MismatchedInputException -->
          <reporter-output>
          </reporter-output>
        </test-method> <!-- verifyProductCheckout_PlaceOrder -->
        <test-method is-config="true" signature="quitDriver(org.testng.ITestResult)[pri:0, instance:com.tests.selenium.tests.FirstTestCase@33abde31]" started-at="2023-11-14T22:49:34 IST" name="quitDriver" finished-at="2023-11-14T22:49:35 IST" duration-ms="513" status="PASS">
          <params>
            <param index="0">
              <value>
                <![CDATA[[TestResult name=verifyProductCheckout_PlaceOrder status=FAILURE method=FirstTestCase.verifyProductCheckout_PlaceOrder()[pri:0, instance:com.tests.selenium.tests.FirstTestCase@33abde31] output={null}]]]>
              </value>
            </param>
          </params>
          <reporter-output>
          </reporter-output>
        </test-method> <!-- quitDriver -->
        <test-method is-config="true" signature="quitDriver(org.testng.ITestResult)[pri:0, instance:com.tests.selenium.tests.FirstTestCase@33abde31]" started-at="2023-11-14T22:49:39 IST" name="quitDriver" finished-at="2023-11-14T22:49:39 IST" duration-ms="414" status="PASS">
          <params>
            <param index="0">
              <value>
                <![CDATA[[TestResult name=verifyAddBlueShoesToCart status=SUCCESS method=FirstTestCase.verifyAddBlueShoesToCart()[pri:0, instance:com.tests.selenium.tests.FirstTestCase@33abde31] output={null}]]]>
              </value>
            </param>
          </params>
          <reporter-output>
          </reporter-output>
        </test-method> <!-- quitDriver -->
      </class> <!-- com.tests.selenium.tests.FirstTestCase -->
    </test> <!-- Nopackage -->
  </suite> <!-- Suite1 -->
</testng-results>
